<?xml version="1.0" encoding="UTF-8"?>
<!-- Generated by org.testng.reporters.JUnitReportReporter -->
<testsuite skipped="0" hostname="DESKTOP-OB90OE0" name="login.login" tests="1" failures="0" timestamp="16 Sep 2020 06:47:29 GMT" time="6.591" errors="0">
  <testcase name="Login_Into_TestEnvironment" time="6.591" classname="login.login"/>
</testsuite> <!-- login.login -->
